{"/Users/ernesto/Github/js/vending-machine/test.js":{"path":"/Users/ernesto/Github/js/vending-machine/test.js","s":{"1":1,"2":1,"3":1,"4":1,"5":1,"6":1,"7":1,"8":1,"9":1,"10":1,"11":1,"12":1,"13":1,"14":1,"15":1,"16":1,"17":1,"18":1,"19":1,"20":1,"21":1,"22":1,"23":1},"b":{"1":[1,0],"2":[1,1],"3":[1,0],"4":[1,1]},"f":{"1":1,"2":1,"3":1,"4":1},"fnMap":{"1":{"name":"(anonymous_1)","line":13,"loc":{"start":{"line":13,"column":57},"end":{"line":13,"column":74}}},"2":{"name":"(anonymous_2)","line":18,"loc":{"start":{"line":18,"column":59},"end":{"line":18,"column":76}}},"3":{"name":"(anonymous_3)","line":23,"loc":{"start":{"line":23,"column":59},"end":{"line":23,"column":76}}},"4":{"name":"(anonymous_4)","line":28,"loc":{"start":{"line":28,"column":75},"end":{"line":28,"column":92}}}},"statementMap":{"1":{"start":{"line":5,"column":0},"end":{"line":11,"column":1}},"2":{"start":{"line":6,"column":2},"end":{"line":6,"column":33},"skip":true},"3":{"start":{"line":8,"column":2},"end":{"line":8,"column":24},"skip":true},"4":{"start":{"line":9,"column":2},"end":{"line":9,"column":43},"skip":true},"5":{"start":{"line":10,"column":2},"end":{"line":10,"column":40},"skip":true},"6":{"start":{"line":13,"column":1},"end":{"line":17,"column":3}},"7":{"start":{"line":14,"column":4},"end":{"line":14,"column":31}},"8":{"start":{"line":15,"column":4},"end":{"line":15,"column":21}},"9":{"start":{"line":16,"column":4},"end":{"line":16,"column":39}},"10":{"start":{"line":18,"column":1},"end":{"line":22,"column":5}},"11":{"start":{"line":19,"column":4},"end":{"line":19,"column":37}},"12":{"start":{"line":20,"column":4},"end":{"line":20,"column":35}},"13":{"start":{"line":21,"column":4},"end":{"line":21,"column":39}},"14":{"start":{"line":23,"column":2},"end":{"line":27,"column":5}},"15":{"start":{"line":24,"column":4},"end":{"line":24,"column":37}},"16":{"start":{"line":25,"column":4},"end":{"line":25,"column":35}},"17":{"start":{"line":26,"column":4},"end":{"line":26,"column":39}},"18":{"start":{"line":28,"column":2},"end":{"line":32,"column":3}},"19":{"start":{"line":29,"column":4},"end":{"line":29,"column":36}},"20":{"start":{"line":30,"column":4},"end":{"line":30,"column":51}},"21":{"start":{"line":31,"column":4},"end":{"line":31,"column":39}},"22":{"start":{"line":35,"column":0},"end":{"line":35,"column":70},"skip":true},"23":{"start":{"line":35,"column":55},"end":{"line":35,"column":68},"skip":true}},"branchMap":{"1":{"line":5,"type":"if","locations":[{"start":{"line":5,"column":0},"end":{"line":5,"column":0},"skip":true},{"start":{"line":5,"column":0},"end":{"line":5,"column":0}}]},"2":{"line":5,"type":"binary-expr","locations":[{"start":{"line":5,"column":4},"end":{"line":5,"column":33}},{"start":{"line":5,"column":37},"end":{"line":5,"column":51}}]},"3":{"line":35,"type":"if","locations":[{"start":{"line":35,"column":0},"end":{"line":35,"column":0},"skip":true},{"start":{"line":35,"column":0},"end":{"line":35,"column":0},"skip":true}]},"4":{"line":35,"type":"binary-expr","locations":[{"start":{"line":35,"column":4},"end":{"line":35,"column":33},"skip":true},{"start":{"line":35,"column":37},"end":{"line":35,"column":51},"skip":true}]}}},"/Users/ernesto/Github/js/vending-machine/change.js":{"path":"/Users/ernesto/Github/js/vending-machine/change.js","s":{"1":1,"2":1,"3":4,"4":4,"5":4,"6":32,"7":16,"8":16,"9":4,"10":1,"11":1},"b":{"1":[1,0],"2":[1,1]},"f":{"1":4,"2":32},"fnMap":{"1":{"name":"(anonymous_1)","line":3,"loc":{"start":{"line":3,"column":16},"end":{"line":3,"column":50}}},"2":{"name":"(anonymous_2)","line":7,"loc":{"start":{"line":7,"column":17},"end":{"line":7,"column":32}}}},"statementMap":{"1":{"start":{"line":1,"column":0},"end":{"line":1,"column":45}},"2":{"start":{"line":3,"column":0},"end":{"line":14,"column":1}},"3":{"start":{"line":4,"column":3},"end":{"line":4,"column":40}},"4":{"start":{"line":5,"column":3},"end":{"line":5,"column":18}},"5":{"start":{"line":7,"column":3},"end":{"line":12,"column":6}},"6":{"start":{"line":8,"column":7},"end":{"line":11,"column":8}},"7":{"start":{"line":9,"column":11},"end":{"line":9,"column":29}},"8":{"start":{"line":10,"column":11},"end":{"line":10,"column":42}},"9":{"start":{"line":13,"column":4},"end":{"line":13,"column":18}},"10":{"start":{"line":19,"column":0},"end":{"line":21,"column":1},"skip":true},"11":{"start":{"line":20,"column":4},"end":{"line":20,"column":31},"skip":true}},"branchMap":{"1":{"line":19,"type":"if","locations":[{"start":{"line":19,"column":0},"end":{"line":19,"column":0},"skip":true},{"start":{"line":19,"column":0},"end":{"line":19,"column":0},"skip":true}]},"2":{"line":19,"type":"binary-expr","locations":[{"start":{"line":19,"column":4},"end":{"line":19,"column":33},"skip":true},{"start":{"line":19,"column":37},"end":{"line":19,"column":51},"skip":true}]}}}}